<?xml version="1.0" encoding="UTF-8"?>
<!-- Generated by org.testng.reporters.JUnitReportReporter -->
<testsuite hostname="IONDELWS525" name="com.iontrading.calculator.calculator.ClientInterfaceTest" tests="6" failures="0" timestamp="1 Sep 2016 07:00:00 GMT" time="0.000" errors="0">
  <testcase name="setup" time="0.000" classname="com.iontrading.calculator.calculator.ClientInterfaceTest"/>
  <testcase name="testCalculateMul" time="0.000" classname="com.iontrading.calculator.calculator.ClientInterfaceTest"/>
  <testcase name="testCalculateDivide" time="0.000" classname="com.iontrading.calculator.calculator.ClientInterfaceTest"/>
  <testcase name="testCalculateAdd" time="0.000" classname="com.iontrading.calculator.calculator.ClientInterfaceTest"/>
  <testcase name="testCalculateSub" time="0.000" classname="com.iontrading.calculator.calculator.ClientInterfaceTest"/>
  <testcase name="testCalculateDivideByZero" time="0.000" classname="com.iontrading.calculator.calculator.ClientInterfaceTest"/>
</testsuite> <!-- com.iontrading.calculator.calculator.ClientInterfaceTest -->
