<?xml version="1.0" encoding="UTF-8"?>
<!-- Generated by org.testng.reporters.JUnitReportReporter -->
<testsuite hostname="IONDELWS200" name="com.iontrading.calculator.calculator.ClientInterfaceTest" tests="3" failures="0" timestamp="15 Jun 2017 10:00:52 GMT" time="0.000" errors="0">
  <testcase name="testCalculateAdd" time="0.000" classname="com.iontrading.calculator.calculator.ClientInterfaceTest"/>
  <testcase name="testCalculateSub" time="0.000" classname="com.iontrading.calculator.calculator.ClientInterfaceTest"/>
  <testcase name="testFindMax" time="0.000" classname="com.iontrading.calculator.calculator.ClientInterfaceTest"/>
</testsuite> <!-- com.iontrading.calculator.calculator.ClientInterfaceTest -->
