<?xml version="1.0" encoding="UTF-8"?>
<!-- Generated by org.testng.reporters.JUnitReportReporter -->
<testsuite hostname="IONDELWS200" name="com.iontrading.calculator.calculator.CalculatorTest" tests="3" failures="0" timestamp="15 Jun 2017 12:15:13 GMT" time="0.010" errors="0">
  <testcase name="testSubtractSecondFromFirst" time="0.000" classname="com.iontrading.calculator.calculator.CalculatorTest"/>
  <testcase name="testAdd" time="0.010" classname="com.iontrading.calculator.calculator.CalculatorTest"/>
  <testcase name="testFindMax" time="0.000" classname="com.iontrading.calculator.calculator.CalculatorTest"/>
</testsuite> <!-- com.iontrading.calculator.calculator.CalculatorTest -->
