<?xml version="1.0" encoding="UTF-8"?>
<!-- Generated by org.testng.reporters.JUnitReportReporter -->
<testsuite hostname="IONDELWS525" name="com.iontrading.calculator.calculator.CalculatorTest" tests="4" failures="0" timestamp="1 Sep 2016 07:00:00 GMT" time="0.125" errors="0">
  <testcase name="testDivideFirstBySecond" time="0.000" classname="com.iontrading.calculator.calculator.CalculatorTest"/>
  <testcase name="testMultiply" time="0.000" classname="com.iontrading.calculator.calculator.CalculatorTest"/>
  <testcase name="testAdd" time="0.125" classname="com.iontrading.calculator.calculator.CalculatorTest"/>
  <testcase name="testSubtractSecondFromFirst" time="0.000" classname="com.iontrading.calculator.calculator.CalculatorTest"/>
</testsuite> <!-- com.iontrading.calculator.calculator.CalculatorTest -->
