<?xml version="1.0" encoding="UTF-8"?>
<!-- Generated by org.testng.reporters.JUnitReportReporter -->
<testsuite hostname="IONDELWS200" name="com.iontrading.calculator.calculator.CalculatorTest" tests="4" failures="0" timestamp="14 Jun 2017 06:06:36 GMT" time="0.027" errors="0">
  <testcase name="testAdd" time="0.010" classname="com.iontrading.calculator.calculator.CalculatorTest"/>
  <testcase name="testDivideFirstBySecond" time="0.010" classname="com.iontrading.calculator.calculator.CalculatorTest"/>
  <testcase name="testMultiply" time="0.004" classname="com.iontrading.calculator.calculator.CalculatorTest"/>
  <testcase name="testSubtractSecondFromFirst" time="0.003" classname="com.iontrading.calculator.calculator.CalculatorTest"/>
</testsuite> <!-- com.iontrading.calculator.calculator.CalculatorTest -->
