<?xml version="1.0" encoding="UTF-8"?>
<!-- Generated by org.testng.reporters.JUnitReportReporter -->
<testsuite hostname="IONDELWS200" name="com.iontrading.calculator.calculator.AppTest" tests="1" failures="0" timestamp="15 Jun 2017 12:15:13 GMT" time="0.010" errors="0">
  <testcase name="testApp" time="0.010" classname="com.iontrading.calculator.calculator.AppTest"/>
</testsuite> <!-- com.iontrading.calculator.calculator.AppTest -->
