<?xml version="1.0" encoding="UTF-8"?>
<!-- Generated by org.testng.reporters.JUnitReportReporter -->
<testsuite hostname="IONDELWS200" name="com.phone.phone_datamodel.entities.PhoneTest" tests="1" failures="0" timestamp="21 Jun 2017 12:14:49 GMT" time="0.020" errors="0">
  <testcase name="testBean" time="0.020" classname="com.phone.phone_datamodel.entities.PhoneTest"/>
</testsuite> <!-- com.phone.phone_datamodel.entities.PhoneTest -->
